<?xml version="1.0" encoding="UTF-8"?>
<testng-results ignored="0" total="2" passed="2" failed="0" skipped="0">
  <reporter-output>
  </reporter-output>
  <suite started-at="2025-05-22T17:55:44 IST" name="AllTests" finished-at="2025-05-22T17:56:12 IST" duration-ms="28175">
    <groups>
    </groups>
    <test started-at="2025-05-22T17:55:44 IST" name="Tests" finished-at="2025-05-22T17:56:12 IST" duration-ms="28175">
      <class name="com.neptune.InvalidLoginTest">
        <test-method is-config="true" signature="setup()[pri:0, instance:com.neptune.InvalidLoginTest@56a6d5a6]" started-at="2025-05-22T17:55:44 IST" name="setup" finished-at="2025-05-22T17:55:45 IST" duration-ms="1276" status="PASS">
          <reporter-output>
          </reporter-output>
        </test-method> <!-- setup -->
        <test-method signature="invalidLogin()[pri:0, instance:com.neptune.InvalidLoginTest@56a6d5a6]" started-at="2025-05-22T17:56:03 IST" name="invalidLogin" finished-at="2025-05-22T17:56:12 IST" duration-ms="8837" status="PASS">
          <reporter-output>
          </reporter-output>
        </test-method> <!-- invalidLogin -->
        <test-method is-config="true" signature="teardown()[pri:0, instance:com.neptune.InvalidLoginTest@56a6d5a6]" started-at="2025-05-22T17:56:12 IST" name="teardown" finished-at="2025-05-22T17:56:12 IST" duration-ms="81" status="PASS">
          <reporter-output>
          </reporter-output>
        </test-method> <!-- teardown -->
      </class> <!-- com.neptune.InvalidLoginTest -->
      <class name="com.neptune.LoginTest">
        <test-method is-config="true" signature="setup()[pri:0, instance:com.neptune.LoginTest@1fe20588]" started-at="2025-05-22T17:55:45 IST" name="setup" finished-at="2025-05-22T17:55:45 IST" duration-ms="434" status="PASS">
          <reporter-output>
          </reporter-output>
        </test-method> <!-- setup -->
        <test-method signature="validLogin()[pri:0, instance:com.neptune.LoginTest@1fe20588]" started-at="2025-05-22T17:55:45 IST" name="validLogin" finished-at="2025-05-22T17:56:03 IST" duration-ms="17421" status="PASS">
          <reporter-output>
          </reporter-output>
        </test-method> <!-- validLogin -->
        <test-method is-config="true" signature="teardown()[pri:0, instance:com.neptune.LoginTest@1fe20588]" started-at="2025-05-22T17:56:12 IST" name="teardown" finished-at="2025-05-22T17:56:12 IST" duration-ms="91" status="PASS">
          <reporter-output>
          </reporter-output>
        </test-method> <!-- teardown -->
      </class> <!-- com.neptune.LoginTest -->
    </test> <!-- Tests -->
  </suite> <!-- AllTests -->
</testng-results>
